# JRE version: Java(TM) SE Runtime Environment (17.0.9+11) (build 17.0.9+11-LTS-201)
# Java VM: Java HotSpot(TM) 64-Bit Server VM (17.0.9+11-LTS-201, mixed mode, emulated-client, sharing, tiered, compressed oops, compressed class ptrs, g1 gc, windows-amd64)
GC Precious Log:
 CPUs: 12 total, 12 available
 Memory: 14188M
 Large Page Support: Disabled
 NUMA Support: Disabled
 Compressed Oops: Enabled (Zero based)
 Heap Region Size: 2M
 Heap Min Capacity: 8M
 Heap Initial Capacity: 222M
 Heap Max Capacity: 3548M
 Pre-touch: Disabled
 Parallel Workers: 10
 Concurrent Workers: 3
 Concurrent Refinement Workers: 10
 Periodic GC: Disabled
Heap:
 garbage-first heap   total 96256K, used 47212K [0x0000000722400000, 0x0000000800000000)
  region size 2048K, 7 young (14336K), 2 survivors (4096K)
 Metaspace       used 71779K, committed 72320K, reserved 1114112K
  class space    used 10496K, committed 10752K, reserved 1048576K
GC Heap History (20 events):
Event: 5.226 GC heap before
{Heap before GC invocations=10 (full 0):
 garbage-first heap   total 69632K, used 47930K [0x0000000722400000, 0x0000000800000000)
  region size 2048K, 14 young (28672K), 2 survivors (4096K)
 Metaspace       used 34918K, committed 35392K, reserved 1114112K
  class space    used 4922K, committed 5120K, reserved 1048576K
}
Event: 5.229 GC heap after
{Heap after GC invocations=11 (full 0):
 garbage-first heap   total 69632K, used 24552K [0x0000000722400000, 0x0000000800000000)
  region size 2048K, 2 young (4096K), 2 survivors (4096K)
 Metaspace       used 34918K, committed 35392K, reserved 1114112K
  class space    used 4922K, committed 5120K, reserved 1048576K
}
Event: 5.388 GC heap before
{Heap before GC invocations=11 (full 0):
 garbage-first heap   total 69632K, used 30696K [0x0000000722400000, 0x0000000800000000)
  region size 2048K, 7 young (14336K), 2 survivors (4096K)
 Metaspace       used 35509K, committed 35968K, reserved 1114112K
  class space    used 5017K, committed 5248K, reserved 1048576K
}
Event: 5.391 GC heap after
{Heap after GC invocations=12 (full 0):
 garbage-first heap   total 69632K, used 25096K [0x0000000722400000, 0x0000000800000000)
  region size 2048K, 2 young (4096K), 2 survivors (4096K)
 Metaspace       used 35509K, committed 35968K, reserved 1114112K
  class space    used 5017K, committed 5248K, reserved 1048576K
}
Event: 5.801 GC heap before
{Heap before GC invocations=13 (full 0):
 garbage-first heap   total 69632K, used 49672K [0x0000000722400000, 0x0000000800000000)
  region size 2048K, 14 young (28672K), 2 survivors (4096K)
 Metaspace       used 39029K, committed 39488K, reserved 1114112K
  class space    used 5547K, committed 5760K, reserved 1048576K
}
Event: 5.804 GC heap after
{Heap after GC invocations=14 (full 0):
 garbage-first heap   total 69632K, used 26234K [0x0000000722400000, 0x0000000800000000)
  region size 2048K, 2 young (4096K), 2 survivors (4096K)
 Metaspace       used 39029K, committed 39488K, reserved 1114112K
  class space    used 5547K, committed 5760K, reserved 1048576K
}
Event: 6.632 GC heap before
{Heap before GC invocations=14 (full 0):
 garbage-first heap   total 69632K, used 52858K [0x0000000722400000, 0x0000000800000000)
  region size 2048K, 15 young (30720K), 2 survivors (4096K)
 Metaspace       used 48369K, committed 48896K, reserved 1114112K
  class space    used 6767K, committed 7040K, reserved 1048576K
}
Event: 6.635 GC heap after
{Heap after GC invocations=15 (full 0):
 garbage-first heap   total 69632K, used 28444K [0x0000000722400000, 0x0000000800000000)
  region size 2048K, 2 young (4096K), 2 survivors (4096K)
 Metaspace       used 48369K, committed 48896K, reserved 1114112K
  class space    used 6767K, committed 7040K, reserved 1048576K
}
Event: 6.983 GC heap before
{Heap before GC invocations=15 (full 0):
 garbage-first heap   total 69632K, used 53020K [0x0000000722400000, 0x0000000800000000)
  region size 2048K, 14 young (28672K), 2 survivors (4096K)
 Metaspace       used 52263K, committed 52736K, reserved 1114112K
  class space    used 7298K, committed 7552K, reserved 1048576K
}
Event: 6.987 GC heap after
{Heap after GC invocations=16 (full 0):
 garbage-first heap   total 69632K, used 29880K [0x0000000722400000, 0x0000000800000000)
  region size 2048K, 1 young (2048K), 1 survivors (2048K)
 Metaspace       used 52263K, committed 52736K, reserved 1114112K
  class space    used 7298K, committed 7552K, reserved 1048576K
}
Event: 7.336 GC heap before
{Heap before GC invocations=16 (full 0):
 garbage-first heap   total 69632K, used 52408K [0x0000000722400000, 0x0000000800000000)
  region size 2048K, 13 young (26624K), 1 survivors (2048K)
 Metaspace       used 58120K, committed 58688K, reserved 1114112K
  class space    used 8245K, committed 8512K, reserved 1048576K
}
Event: 7.339 GC heap after
{Heap after GC invocations=17 (full 0):
 garbage-first heap   total 96256K, used 30840K [0x0000000722400000, 0x0000000800000000)
  region size 2048K, 2 young (4096K), 2 survivors (4096K)
 Metaspace       used 58120K, committed 58688K, reserved 1114112K
  class space    used 8245K, committed 8512K, reserved 1048576K
}
Event: 7.464 GC heap before
{Heap before GC invocations=17 (full 0):
 garbage-first heap   total 96256K, used 39032K [0x0000000722400000, 0x0000000800000000)
  region size 2048K, 7 young (14336K), 2 survivors (4096K)
 Metaspace       used 59578K, committed 60096K, reserved 1114112K
  class space    used 8504K, committed 8768K, reserved 1048576K
}
Event: 7.466 GC heap after
{Heap after GC invocations=18 (full 0):
 garbage-first heap   total 96256K, used 31023K [0x0000000722400000, 0x0000000800000000)
  region size 2048K, 2 young (4096K), 2 survivors (4096K)
 Metaspace       used 59578K, committed 60096K, reserved 1114112K
  class space    used 8504K, committed 8768K, reserved 1048576K
}
Event: 8.074 GC heap before
{Heap before GC invocations=19 (full 0):
 garbage-first heap   total 96256K, used 76079K [0x0000000722400000, 0x0000000800000000)
  region size 2048K, 24 young (49152K), 2 survivors (4096K)
 Metaspace       used 64092K, committed 64704K, reserved 1114112K
  class space    used 9155K, committed 9472K, reserved 1048576K
}
Event: 8.078 GC heap after
{Heap after GC invocations=20 (full 0):
 garbage-first heap   total 96256K, used 33190K [0x0000000722400000, 0x0000000800000000)
  region size 2048K, 3 young (6144K), 3 survivors (6144K)
 Metaspace       used 64092K, committed 64704K, reserved 1114112K
  class space    used 9155K, committed 9472K, reserved 1048576K
}
Event: 8.571 GC heap before
{Heap before GC invocations=20 (full 0):
 garbage-first heap   total 96256K, used 76198K [0x0000000722400000, 0x0000000800000000)
  region size 2048K, 24 young (49152K), 3 survivors (6144K)
 Metaspace       used 69567K, committed 70144K, reserved 1114112K
  class space    used 10204K, committed 10496K, reserved 1048576K
}
Event: 8.576 GC heap after
{Heap after GC invocations=21 (full 0):
 garbage-first heap   total 96256K, used 36680K [0x0000000722400000, 0x0000000800000000)
  region size 2048K, 3 young (6144K), 3 survivors (6144K)
 Metaspace       used 69567K, committed 70144K, reserved 1114112K
  class space    used 10204K, committed 10496K, reserved 1048576K
}
Event: 8.847 GC heap before
{Heap before GC invocations=21 (full 0):
 garbage-first heap   total 96256K, used 75592K [0x0000000722400000, 0x0000000800000000)
  region size 2048K, 23 young (47104K), 3 survivors (6144K)
 Metaspace       used 71610K, committed 72192K, reserved 1114112K
  class space    used 10467K, committed 10752K, reserved 1048576K
}
Event: 8.851 GC heap after
{Heap after GC invocations=22 (full 0):
 garbage-first heap   total 96256K, used 39020K [0x0000000722400000, 0x0000000800000000)
  region size 2048K, 2 young (4096K), 2 survivors (4096K)
 Metaspace       used 71610K, committed 72192K, reserved 1114112K
  class space    used 10467K, committed 10752K, reserved 1048576K
}

